#
# There is insufficient memory for the Java Runtime Environment to continue.
# Native memory allocation (malloc) failed to allocate 1048576 bytes for AllocateHeap
# Possible reasons:
#   The system is out of physical RAM or swap space
#   The process is running with CompressedOops enabled, and the Java Heap may be blocking the growth of the native heap
# Possible solutions:
#   Reduce memory load on the system
#   Increase physical memory or swap space
#   Check if swap backing store is full
#   Decrease Java heap size (-Xmx/-Xms)
#   Decrease number of Java threads
#   Decrease Java thread stack sizes (-Xss)
#   Set larger code cache with -XX:ReservedCodeCacheSize=
#   JVM is running with Unscaled Compressed Oops mode in which the Java heap is
#     placed in the first 4GB address space. The Java Heap base address is the
#     maximum limit for the native heap growth. Please use -XX:HeapBaseMinAddress
#     to set the Java Heap base and to place the Java Heap above 4GB virtual address.
# This output file may be truncated or incomplete.
#
#  Out of Memory Error (memory/allocation.inline.hpp:61), pid=7660, tid=0x0000000000001274
#
# JRE version:  (8.0_292-b10) (build )
# Java VM: OpenJDK 64-Bit Server VM (25.292-b10 mixed mode windows-amd64 compressed oops)
# Failed to write core dump. Minidumps are not enabled by default on client versions of Windows
#

---------------  T H R E A D  ---------------

Current thread (0x0000022701a60000):  JavaThread "Unknown thread" [_thread_in_vm, id=4724, stack(0x000000ac37200000,0x000000ac37300000)]

Stack: [0x000000ac37200000,0x000000ac37300000]
[error occurred during error reporting (printing stack bounds), id 0xc0000005]

Native frames: (J=compiled Java code, j=interpreted, Vv=VM code, C=native code)


---------------  P R O C E S S  ---------------

Java Threads: ( => current thread )

Other Threads:

=>0x0000022701a60000 (exited) JavaThread "Unknown thread" [_thread_in_vm, id=4724, stack(0x000000ac37200000,0x000000ac37300000)]

VM state:not at safepoint (normal execution)

VM Mutex/Monitor currently owned by a thread: None

heap address: 0x00000000a0800000, size: 1528 MB, Compressed Oops mode: 32-bit
Narrow klass base: 0x0000000000000000, Narrow klass shift: 3
Compressed class space size: 1073741824 Address: 0x0000000100000000

Heap:
 PSYoungGen      total 28672K, used 491K [0x00000000e0300000, 0x00000000e2300000, 0x0000000100000000)
  eden space 24576K, 2% used [0x00000000e0300000,0x00000000e037ae20,0x00000000e1b00000)
  from space 4096K, 0% used [0x00000000e1f00000,0x00000000e1f00000,0x00000000e2300000)
  to   space 4096K, 0% used [0x00000000e1b00000,0x00000000e1b00000,0x00000000e1f00000)
 ParOldGen       total 65536K, used 0K [0x00000000a0800000, 0x00000000a4800000, 0x00000000e0300000)
  object space 65536K, 0% used [0x00000000a0800000,0x00000000a0800000,0x00000000a4800000)
 Metaspace       used 781K, capacity 4480K, committed 4480K, reserved 1056768K
  class space    used 76K, capacity 384K, committed 384K, reserved 1048576K

Card table byte_map: [0x00000227126b0000,0x00000227129b0000] byte_map_base: 0x00000227121ac000

Marking Bits: (ParMarkBitMap*) 0x00000000745af7f0
 Begin Bits: [0x0000022712bb0000, 0x0000022714390000)
 End Bits:   [0x0000022714390000, 0x0000022715b70000)

Polling page: 0x00000227032c0000

CodeCache: size=245760Kb used=327Kb max_used=327Kb free=245432Kb
 bounds [0x00000227032f0000, 0x0000022703560000, 0x00000227122f0000]
 total_blobs=56 nmethods=0 adapters=38
 compilation: enabled

Compilation events (0 events):
No events

GC Heap History (0 events):
No events

Deoptimization events (0 events):
No events

Classes redefined (0 events):
No events

Internal exceptions (0 events):
No events

Events (10 events):
Event: 0.027 loading class java/lang/Short
Event: 0.027 loading class java/lang/Short done
Event: 0.027 loading class java/lang/Integer
Event: 0.028 loading class java/lang/Integer done
Event: 0.028 loading class java/lang/Long
Event: 0.028 loading class java/lang/Long done
Event: 0.029 loading class java/lang/NullPointerException
Event: 0.029 loading class java/lang/NullPointerException done
Event: 0.029 loading class java/lang/ArithmeticException
Event: 0.029 loading class java/lang/ArithmeticException done


Dynamic libraries:
0x00007ff668d00000 - 0x00007ff668d3a000 	C:\Users\1\.jdks\corretto-1.8.0_292\bin\java.exe
0x00007ff9c2a60000 - 0x00007ff9c2c50000 	C:\Windows\SYSTEM32\ntdll.dll
0x00007ff9a1070000 - 0x00007ff9a1083000 	C:\Program Files\AVAST Software\Avast\aswhook.dll
0x00007ff9c1450000 - 0x00007ff9c1502000 	C:\Windows\System32\KERNEL32.DLL
0x00007ff9c0700000 - 0x00007ff9c09a5000 	C:\Windows\System32\KERNELBASE.dll
0x00007ff9c1510000 - 0x00007ff9c15b3000 	C:\Windows\System32\ADVAPI32.dll
0x00007ff9c1d00000 - 0x00007ff9c1d9e000 	C:\Windows\System32\msvcrt.dll
0x00007ff9c0cc0000 - 0x00007ff9c0d57000 	C:\Windows\System32\sechost.dll
0x00007ff9c0b10000 - 0x00007ff9c0c2f000 	C:\Windows\System32\RPCRT4.dll
0x00007ff9c1e70000 - 0x00007ff9c2004000 	C:\Windows\System32\USER32.dll
0x00007ff9bfb20000 - 0x00007ff9bfb41000 	C:\Windows\System32\win32u.dll
0x00007ff9c15c0000 - 0x00007ff9c15e6000 	C:\Windows\System32\GDI32.dll
0x00007ff9bfc50000 - 0x00007ff9bfde8000 	C:\Windows\System32\gdi32full.dll
0x00007ff9bfa60000 - 0x00007ff9bfafe000 	C:\Windows\System32\msvcp_win.dll
0x00007ff9bfb50000 - 0x00007ff9bfc4a000 	C:\Windows\System32\ucrtbase.dll
0x00007ff9a4990000 - 0x00007ff9a4c14000 	C:\Windows\WinSxS\amd64_microsoft.windows.common-controls_6595b64144ccf1df_6.0.18362.1621_none_9e7ba815e46075fc\COMCTL32.dll
0x00007ff9c1880000 - 0x00007ff9c1bb6000 	C:\Windows\System32\combase.dll
0x00007ff9bf9d0000 - 0x00007ff9bfa54000 	C:\Windows\System32\bcryptPrimitives.dll
0x00007ff9c2010000 - 0x00007ff9c203e000 	C:\Windows\System32\IMM32.DLL
0x00007ff9b4190000 - 0x00007ff9b427f000 	C:\Users\1\.jdks\corretto-1.8.0_292\jre\bin\msvcr120.dll
0x00007ff9ba260000 - 0x00007ff9ba306000 	C:\Users\1\.jdks\corretto-1.8.0_292\jre\bin\msvcp120.dll
0x0000000073dc0000 - 0x000000007462e000 	C:\Users\1\.jdks\corretto-1.8.0_292\jre\bin\server\jvm.dll
0x00007ff9c28d0000 - 0x00007ff9c28d8000 	C:\Windows\System32\PSAPI.DLL
0x00007ff9b6220000 - 0x00007ff9b6244000 	C:\Windows\SYSTEM32\WINMM.dll
0x00007ff9b7f80000 - 0x00007ff9b7f89000 	C:\Windows\SYSTEM32\WSOCK32.dll
0x00007ff9baeb0000 - 0x00007ff9baeba000 	C:\Windows\SYSTEM32\VERSION.dll
0x00007ff9c2860000 - 0x00007ff9c28cf000 	C:\Windows\System32\WS2_32.dll
0x00007ff9b61f0000 - 0x00007ff9b621d000 	C:\Windows\SYSTEM32\WINMMBASE.dll
0x00007ff9bfdf0000 - 0x00007ff9bfe3a000 	C:\Windows\System32\cfgmgr32.dll
0x00007ff9bc0f0000 - 0x00007ff9bc0ff000 	C:\Users\1\.jdks\corretto-1.8.0_292\jre\bin\verify.dll
0x00007ff9b5f30000 - 0x00007ff9b5f59000 	C:\Users\1\.jdks\corretto-1.8.0_292\jre\bin\java.dll
0x00007ff9b5ee0000 - 0x00007ff9b5f0a000 	C:\Users\1\.jdks\corretto-1.8.0_292\jre\bin\instrument.dll
0x00007ff9b5f10000 - 0x00007ff9b5f26000 	C:\Users\1\.jdks\corretto-1.8.0_292\jre\bin\zip.dll

VM Arguments:
jvm_args: -javaagent:C:\Program Files\JetBrains\IntelliJ IDEA Community Edition 2020.3.3\lib\idea_rt.jar=49155:C:\Program Files\JetBrains\IntelliJ IDEA Community Edition 2020.3.3\bin -Dfile.encoding=UTF-8 
java_command: app.Main
java_class_path (initial): C:\Users\1\.jdks\corretto-1.8.0_292\jre\lib\charsets.jar;C:\Users\1\.jdks\corretto-1.8.0_292\jre\lib\ext\access-bridge-64.jar;C:\Users\1\.jdks\corretto-1.8.0_292\jre\lib\ext\cldrdata.jar;C:\Users\1\.jdks\corretto-1.8.0_292\jre\lib\ext\dnsns.jar;C:\Users\1\.jdks\corretto-1.8.0_292\jre\lib\ext\jaccess.jar;C:\Users\1\.jdks\corretto-1.8.0_292\jre\lib\ext\jfxrt.jar;C:\Users\1\.jdks\corretto-1.8.0_292\jre\lib\ext\localedata.jar;C:\Users\1\.jdks\corretto-1.8.0_292\jre\lib\ext\nashorn.jar;C:\Users\1\.jdks\corretto-1.8.0_292\jre\lib\ext\sunec.jar;C:\Users\1\.jdks\corretto-1.8.0_292\jre\lib\ext\sunjce_provider.jar;C:\Users\1\.jdks\corretto-1.8.0_292\jre\lib\ext\sunmscapi.jar;C:\Users\1\.jdks\corretto-1.8.0_292\jre\lib\ext\sunpkcs11.jar;C:\Users\1\.jdks\corretto-1.8.0_292\jre\lib\ext\zipfs.jar;C:\Users\1\.jdks\corretto-1.8.0_292\jre\lib\jce.jar;C:\Users\1\.jdks\corretto-1.8.0_292\jre\lib\jfr.jar;C:\Users\1\.jdks\corretto-1.8.0_292\jre\lib\jfxswt.jar;C:\Users\1\.jdks\corretto-1.8.0_292\jre\lib\jsse.jar;C:\Users\1\.jdks\corretto-1.8.0_292\jre\lib\management-agent.jar;C:\Users\1\.jdks\corretto-1.8.0_292\jre\lib\resources.jar;C:\Users\1\.jdks\corretto-1.8.0_292\jre\lib\rt.jar;C:\Users\1\IdeaProjects\App1\out\production\App1;C:\Program Files\JetBrains\IntelliJ IDEA Community Edition 2020.3.3\lib\sqlite-jdbc-3.21.0.1.jar;C:\Program Files\JetBrains\IntelliJ IDEA Community Edition 2020.3.3\lib\idea_rt.jar
Launcher Type: SUN_STANDARD

Environment Variables:
PATH=c:\program files\putty\;C:\Program Files (x86)\NVIDIA Corporation\PhysX\Common;C:\Program Files (x86)\Gpg4win\..\GnuPG\bin;C:\Users\1\AppData\Local\Microsoft\WindowsApps;C:\Windows;C:\Windows\SYSTEM32;;C:\Program Files\JetBrains\IntelliJ IDEA Community Edition 2020.3.3\bin;
USERNAME=1
OS=Windows_NT
PROCESSOR_IDENTIFIER=Intel64 Family 6 Model 30 Stepping 5, GenuineIntel



---------------  S Y S T E M  ---------------

OS: Windows 10.0 , 64 bit Build 18362 (10.0.18362.1500)

CPU:total 8 (initial active 8) (4 cores per cpu, 2 threads per core) family 6 model 30 stepping 5, cmov, cx8, fxsr, mmx, sse, sse2, sse3, ssse3, sse4.1, sse4.2, popcnt, ht, tsc, tscinvbit

Memory: 4k page, physical 6254068k(443564k free), swap 22969844k(162832k free)

vm_info: OpenJDK 64-Bit Server VM (25.292-b10) for windows-amd64 JRE (1.8.0_292-b10), built on Apr 14 2021 23:06:53 by "Administrator" with MS VC++ 12.0 (VS2013)

time: Thu Jun 24 22:25:24 2021
timezone: RTZ 4 (ceia)
elapsed time: 0.036526 seconds (0d 0h 0m 0s)

